<?xml version="1.0" encoding="UTF-8"?>
<testng-results ignored="0" total="1" passed="1" failed="0" skipped="0">
  <reporter-output>
  </reporter-output>
  <suite started-at="2024-10-30T22:39:53 IST" name="Default suite" finished-at="2024-10-30T22:40:08 IST" duration-ms="15091">
    <groups>
    </groups>
    <test started-at="2024-10-30T22:39:53 IST" name="Default test" finished-at="2024-10-30T22:40:08 IST" duration-ms="15091">
      <class name="com.Hrms.tests.TestLoginPage">
        <test-method is-config="true" signature="setup()[pri:0, instance:com.Hrms.tests.TestLoginPage@4b29d1d2]" started-at="2024-10-30T22:39:53 IST" name="setup" finished-at="2024-10-30T22:39:57 IST" duration-ms="3991" status="PASS">
          <reporter-output>
          </reporter-output>
        </test-method> <!-- setup -->
        <test-method signature="verifyLoginPage()[pri:0, instance:com.Hrms.tests.TestLoginPage@4b29d1d2]" started-at="2024-10-30T22:39:57 IST" name="verifyLoginPage" description="verify LoginPage" finished-at="2024-10-30T22:40:08 IST" duration-ms="11069" status="PASS">
          <reporter-output>
          </reporter-output>
        </test-method> <!-- verifyLoginPage -->
        <test-method is-config="true" signature="close()[pri:0, instance:com.Hrms.tests.TestLoginPage@4b29d1d2]" started-at="2024-10-30T22:40:08 IST" name="close" finished-at="2024-10-30T22:40:08 IST" duration-ms="0" status="PASS">
          <reporter-output>
          </reporter-output>
        </test-method> <!-- close -->
      </class> <!-- com.Hrms.tests.TestLoginPage -->
    </test> <!-- Default test -->
  </suite> <!-- Default suite -->
</testng-results>
